::1 - - [16/Jul/2021:05:30:06 +0000] "GET / HTTP/1.1" 304 - "http://localhost:8080/users/profile/60ef02fc42590b1cbc7a54c4" "Mozilla/5.0 (Windows NT 10.0; Win64; x64) AppleWebKit/537.36 (KHTML, like Gecko) Chrome/91.0.4472.124 Safari/537.36"
::1 - - [16/Jul/2021:05:30:09 +0000] "GET /users/profile/60ef02fc42590b1cbc7a54c4 HTTP/1.1" 304 - "http://localhost:8080/" "Mozilla/5.0 (Windows NT 10.0; Win64; x64) AppleWebKit/537.36 (KHTML, like Gecko) Chrome/91.0.4472.124 Safari/537.36"
::1 - - [16/Jul/2021:05:34:11 +0000] "GET / HTTP/1.1" 304 - "http://localhost:8080/users/profile/60ef02fc42590b1cbc7a54c4" "Mozilla/5.0 (Windows NT 10.0; Win64; x64) AppleWebKit/537.36 (KHTML, like Gecko) Chrome/91.0.4472.124 Safari/537.36"
::1 - - [16/Jul/2021:05:59:40 +0000] "GET / HTTP/1.1" 302 72 "http://localhost:8080/users/profile/60ef02fc42590b1cbc7a54c4" "Mozilla/5.0 (Windows NT 10.0; Win64; x64) AppleWebKit/537.36 (KHTML, like Gecko) Chrome/91.0.4472.124 Safari/537.36"
::1 - - [16/Jul/2021:05:59:40 +0000] "GET /users/sign-in HTTP/1.1" 304 - "http://localhost:8080/users/profile/60ef02fc42590b1cbc7a54c4" "Mozilla/5.0 (Windows NT 10.0; Win64; x64) AppleWebKit/537.36 (KHTML, like Gecko) Chrome/91.0.4472.124 Safari/537.36"
::1 - - [16/Jul/2021:05:59:43 +0000] "GET /users/auth/google HTTP/1.1" 302 0 "http://localhost:8080/users/sign-in" "Mozilla/5.0 (Windows NT 10.0; Win64; x64) AppleWebKit/537.36 (KHTML, like Gecko) Chrome/91.0.4472.124 Safari/537.36"
::1 - - [16/Jul/2021:06:00:06 +0000] "GET /users/auth/google/callback?code=4%2F0AX4XfWjjV_DPcTexlKA7eTBmD9hDo0euoZK1tpJfitQYPTJr8jCeto16J1y4BdhEDIfckg&scope=email+profile+https%3A%2F%2Fwww.googleapis.com%2Fauth%2Fuserinfo.profile+https%3A%2F%2Fwww.googleapis.com%2Fauth%2Fuserinfo.email+openid&authuser=2&prompt=consent HTTP/1.1" - - "-" "Mozilla/5.0 (Windows NT 10.0; Win64; x64) AppleWebKit/537.36 (KHTML, like Gecko) Chrome/91.0.4472.124 Safari/537.36"
::1 - - [16/Jul/2021:06:03:03 +0000] "GET /users/sign-up HTTP/1.1" 200 4777 "http://localhost:8080/users/sign-in" "Mozilla/5.0 (Windows NT 10.0; Win64; x64) AppleWebKit/537.36 (KHTML, like Gecko) Chrome/91.0.4472.124 Safari/537.36"
::1 - - [16/Jul/2021:06:03:13 +0000] "POST /users/create HTTP/1.1" 302 72 "http://localhost:8080/users/sign-up" "Mozilla/5.0 (Windows NT 10.0; Win64; x64) AppleWebKit/537.36 (KHTML, like Gecko) Chrome/91.0.4472.124 Safari/537.36"
::1 - - [16/Jul/2021:06:03:13 +0000] "GET /users/sign-in HTTP/1.1" 200 5055 "http://localhost:8080/users/sign-up" "Mozilla/5.0 (Windows NT 10.0; Win64; x64) AppleWebKit/537.36 (KHTML, like Gecko) Chrome/91.0.4472.124 Safari/537.36"
::1 - - [16/Jul/2021:06:03:20 +0000] "POST /users/create-session HTTP/1.1" 302 46 "http://localhost:8080/users/sign-in" "Mozilla/5.0 (Windows NT 10.0; Win64; x64) AppleWebKit/537.36 (KHTML, like Gecko) Chrome/91.0.4472.124 Safari/537.36"
::1 - - [16/Jul/2021:06:03:21 +0000] "GET / HTTP/1.1" 200 7301 "http://localhost:8080/users/sign-in" "Mozilla/5.0 (Windows NT 10.0; Win64; x64) AppleWebKit/537.36 (KHTML, like Gecko) Chrome/91.0.4472.124 Safari/537.36"
::1 - - [16/Jul/2021:06:03:29 +0000] "GET /users/sign-out HTTP/1.1" 302 72 "http://localhost:8080/" "Mozilla/5.0 (Windows NT 10.0; Win64; x64) AppleWebKit/537.36 (KHTML, like Gecko) Chrome/91.0.4472.124 Safari/537.36"
::1 - - [16/Jul/2021:06:03:29 +0000] "GET /users/sign-in HTTP/1.1" 200 5057 "http://localhost:8080/" "Mozilla/5.0 (Windows NT 10.0; Win64; x64) AppleWebKit/537.36 (KHTML, like Gecko) Chrome/91.0.4472.124 Safari/537.36"
::1 - - [16/Jul/2021:06:03:31 +0000] "GET /users/auth/google HTTP/1.1" 302 0 "http://localhost:8080/users/sign-in" "Mozilla/5.0 (Windows NT 10.0; Win64; x64) AppleWebKit/537.36 (KHTML, like Gecko) Chrome/91.0.4472.124 Safari/537.36"
::1 - - [16/Jul/2021:06:03:42 +0000] "GET /users/auth/google/callback?code=4%2F0AX4XfWjBXXUP4rSbgJqWQMiMxnv_asSLrCebT3mSzxIrsxMTS8EYu1qaP4-yekS68bGh_Q&scope=email+profile+https%3A%2F%2Fwww.googleapis.com%2Fauth%2Fuserinfo.profile+https%3A%2F%2Fwww.googleapis.com%2Fauth%2Fuserinfo.email+openid&authuser=2&prompt=consent HTTP/1.1" 302 46 "-" "Mozilla/5.0 (Windows NT 10.0; Win64; x64) AppleWebKit/537.36 (KHTML, like Gecko) Chrome/91.0.4472.124 Safari/537.36"
::1 - - [16/Jul/2021:06:03:43 +0000] "GET / HTTP/1.1" 200 7814 "-" "Mozilla/5.0 (Windows NT 10.0; Win64; x64) AppleWebKit/537.36 (KHTML, like Gecko) Chrome/91.0.4472.124 Safari/537.36"
::1 - - [16/Jul/2021:06:03:52 +0000] "GET /users/profile/60f1213e734b5701f0ef9643 HTTP/1.1" 200 7963 "http://localhost:8080/" "Mozilla/5.0 (Windows NT 10.0; Win64; x64) AppleWebKit/537.36 (KHTML, like Gecko) Chrome/91.0.4472.124 Safari/537.36"
::1 - - [16/Jul/2021:06:14:21 +0000] "GET /users/profile/60f1213e734b5701f0ef9643 HTTP/1.1" 304 - "http://localhost:8080/" "Mozilla/5.0 (Windows NT 10.0; Win64; x64) AppleWebKit/537.36 (KHTML, like Gecko) Chrome/91.0.4472.124 Safari/537.36"
::1 - - [16/Jul/2021:06:14:30 +0000] "POST /users/update/60f1213e734b5701f0ef9643 HTTP/1.1" 302 164 "http://localhost:8080/users/profile/60f1213e734b5701f0ef9643" "Mozilla/5.0 (Windows NT 10.0; Win64; x64) AppleWebKit/537.36 (KHTML, like Gecko) Chrome/91.0.4472.124 Safari/537.36"
::1 - - [16/Jul/2021:06:14:31 +0000] "GET /users/profile/60f1213e734b5701f0ef9643 HTTP/1.1" 200 7831 "http://localhost:8080/users/profile/60f1213e734b5701f0ef9643" "Mozilla/5.0 (Windows NT 10.0; Win64; x64) AppleWebKit/537.36 (KHTML, like Gecko) Chrome/91.0.4472.124 Safari/537.36"
::1 - - [16/Jul/2021:06:14:35 +0000] "GET /users/profile/60f1213e734b5701f0ef9643 HTTP/1.1" 304 - "http://localhost:8080/users/profile/60f1213e734b5701f0ef9643" "Mozilla/5.0 (Windows NT 10.0; Win64; x64) AppleWebKit/537.36 (KHTML, like Gecko) Chrome/91.0.4472.124 Safari/537.36"
::1 - - [16/Jul/2021:06:14:38 +0000] "GET / HTTP/1.1" 200 7423 "http://localhost:8080/users/profile/60f1213e734b5701f0ef9643" "Mozilla/5.0 (Windows NT 10.0; Win64; x64) AppleWebKit/537.36 (KHTML, like Gecko) Chrome/91.0.4472.124 Safari/537.36"
